[2021-12-19 12:21:30] [info]  [19172] Apache Commons Daemon procrun (1.2.4.0 64-bit) started.
[2021-12-19 12:21:30] [info]  [19172] Installing service 'Tomcat10' name 'Apache Tomcat 10.0 Tomcat10'.
[2021-12-19 12:21:30] [info]  [19172] Service 'Tomcat10' installed.
[2021-12-19 12:21:30] [info]  [19172] Apache Commons Daemon procrun finished.
[2021-12-19 12:21:36] [info]  [ 5916] Apache Commons Daemon procrun (1.2.4.0 64-bit) started.
[2021-12-19 12:21:36] [info]  [ 5916] Updating service...
[2021-12-19 12:21:36] [info]  [ 5916] Updated service 'Tomcat10'.
[2021-12-19 12:21:36] [info]  [ 5916] Finished updating service 'Tomcat10'.
[2021-12-19 12:21:36] [info]  [ 5916] Apache Commons Daemon procrun finished.
[2021-12-19 12:21:36] [info]  [ 3284] Apache Commons Daemon procrun (1.2.4.0 64-bit) started.
[2021-12-19 12:21:36] [info]  [ 3284] Updating service...
[2021-12-19 12:21:36] [info]  [ 3284] Updated service 'Tomcat10'.
[2021-12-19 12:21:36] [info]  [ 3284] Finished updating service 'Tomcat10'.
[2021-12-19 12:21:36] [info]  [ 3284] Apache Commons Daemon procrun finished.
[2021-12-19 12:21:37] [info]  [ 9084] Apache Commons Daemon procrun (1.2.4.0 64-bit) started.
[2021-12-19 12:21:37] [info]  [ 9084] Updating service...
[2021-12-19 12:21:37] [info]  [ 9084] Updated service 'Tomcat10'.
[2021-12-19 12:21:37] [info]  [ 9084] Finished updating service 'Tomcat10'.
[2021-12-19 12:21:37] [info]  [ 9084] Apache Commons Daemon procrun finished.
[2021-12-19 12:21:37] [info]  [10588] Apache Commons Daemon procrun (1.2.4.0 64-bit) started.
[2021-12-19 12:21:37] [info]  [10588] Updating service...
[2021-12-19 12:21:37] [info]  [10588] Updated service 'Tomcat10'.
[2021-12-19 12:21:37] [info]  [10588] Finished updating service 'Tomcat10'.
[2021-12-19 12:21:37] [info]  [10588] Apache Commons Daemon procrun finished.
[2021-12-19 12:21:44] [info]  [17152] Apache Commons Daemon procrun (1.2.4.0 64-bit) started.
[2021-12-19 12:21:44] [info]  [17152] Running Service 'Tomcat10'...
[2021-12-19 12:21:44] [info]  [ 4020] Starting service...
[2021-12-19 12:21:46] [info]  [ 4020] Service started in 2118 milliseconds.
[2021-12-19 12:52:50] [info]  [14988] Stopping service...
[2021-12-19 12:52:51] [info]  [14988] Service stop thread completed.
[2021-12-19 12:52:51] [info]  [17152] Run service finished.
[2021-12-19 12:52:51] [info]  [17152] Apache Commons Daemon procrun finished.
[2021-12-19 12:54:16] [info]  [10424] Apache Commons Daemon procrun (1.2.4.0 64-bit) started.
[2021-12-19 12:54:16] [info]  [10424] Running Service 'Tomcat10'...
[2021-12-19 12:54:16] [info]  [ 6700] Starting service...
[2021-12-19 12:54:18] [info]  [ 6700] Service started in 1327 milliseconds.
[2021-12-19 12:54:33] [info]  [12676] Stopping service...
[2021-12-19 12:54:34] [info]  [12676] Service stop thread completed.
[2021-12-19 12:54:34] [info]  [10424] Run service finished.
[2021-12-19 12:54:34] [info]  [10424] Apache Commons Daemon procrun finished.
[2021-12-19 12:56:55] [info]  [ 9412] Apache Commons Daemon procrun (1.2.4.0 64-bit) started.
[2021-12-19 12:56:55] [info]  [ 9412] Running Service 'Tomcat10'...
[2021-12-19 12:56:55] [info]  [ 2668] Starting service...
[2021-12-19 12:56:57] [info]  [ 2668] Service started in 1317 milliseconds.
[2021-12-19 13:00:22] [info]  [18052] Stopping service...
[2021-12-19 13:00:23] [info]  [18052] Service stop thread completed.
[2021-12-19 13:00:23] [info]  [ 9412] Run service finished.
[2021-12-19 13:00:23] [info]  [ 9412] Apache Commons Daemon procrun finished.
