19-Dec-2021 12:21:54.052 INFO [main] org.apache.catalina.core.ApplicationContext.log ContextListener: contextInitialized()
19-Dec-2021 12:21:54.052 INFO [main] org.apache.catalina.core.ApplicationContext.log SessionListener: contextInitialized()
19-Dec-2021 12:21:54.059 INFO [main] org.apache.catalina.core.ApplicationContext.log ContextListener: attributeAdded('StockTicker', 'async.Stockticker@630cb4a4')
19-Dec-2021 12:52:50.432 INFO [Thread-3] org.apache.catalina.core.ApplicationContext.log SessionListener: contextDestroyed()
19-Dec-2021 12:52:50.432 INFO [Thread-3] org.apache.catalina.core.ApplicationContext.log ContextListener: contextDestroyed()
19-Dec-2021 12:54:20.480 INFO [main] org.apache.catalina.core.ApplicationContext.log ContextListener: contextInitialized()
19-Dec-2021 12:54:20.481 INFO [main] org.apache.catalina.core.ApplicationContext.log SessionListener: contextInitialized()
19-Dec-2021 12:54:20.489 INFO [main] org.apache.catalina.core.ApplicationContext.log ContextListener: attributeAdded('StockTicker', 'async.Stockticker@56c9bbd8')
19-Dec-2021 12:54:33.849 INFO [Thread-3] org.apache.catalina.core.ApplicationContext.log SessionListener: contextDestroyed()
19-Dec-2021 12:54:33.849 INFO [Thread-3] org.apache.catalina.core.ApplicationContext.log ContextListener: contextDestroyed()
19-Dec-2021 12:56:59.282 INFO [main] org.apache.catalina.core.ApplicationContext.log ContextListener: contextInitialized()
19-Dec-2021 12:56:59.283 INFO [main] org.apache.catalina.core.ApplicationContext.log SessionListener: contextInitialized()
19-Dec-2021 12:56:59.288 INFO [main] org.apache.catalina.core.ApplicationContext.log ContextListener: attributeAdded('StockTicker', 'async.Stockticker@56c9bbd8')
19-Dec-2021 13:00:22.487 INFO [Thread-3] org.apache.catalina.core.ApplicationContext.log SessionListener: contextDestroyed()
19-Dec-2021 13:00:22.488 INFO [Thread-3] org.apache.catalina.core.ApplicationContext.log ContextListener: contextDestroyed()
19-Dec-2021 13:17:53.611 INFO [main] org.apache.catalina.core.ApplicationContext.log ContextListener: contextInitialized()
19-Dec-2021 13:17:53.611 INFO [main] org.apache.catalina.core.ApplicationContext.log SessionListener: contextInitialized()
19-Dec-2021 13:17:53.616 INFO [main] org.apache.catalina.core.ApplicationContext.log ContextListener: attributeAdded('StockTicker', 'async.Stockticker@3c435123')
19-Dec-2021 13:26:48.503 INFO [main] org.apache.catalina.core.ApplicationContext.log SessionListener: contextDestroyed()
19-Dec-2021 13:26:48.503 INFO [main] org.apache.catalina.core.ApplicationContext.log ContextListener: contextDestroyed()
19-Dec-2021 13:30:25.255 INFO [main] org.apache.catalina.core.ApplicationContext.log ContextListener: contextInitialized()
19-Dec-2021 13:30:25.255 INFO [main] org.apache.catalina.core.ApplicationContext.log SessionListener: contextInitialized()
19-Dec-2021 13:30:25.263 INFO [main] org.apache.catalina.core.ApplicationContext.log ContextListener: attributeAdded('StockTicker', 'async.Stockticker@3c435123')
19-Dec-2021 13:41:51.744 INFO [main] org.apache.catalina.core.ApplicationContext.log SessionListener: contextDestroyed()
19-Dec-2021 13:41:51.744 INFO [main] org.apache.catalina.core.ApplicationContext.log ContextListener: contextDestroyed()
19-Dec-2021 13:52:27.835 INFO [main] org.apache.catalina.core.ApplicationContext.log ContextListener: contextInitialized()
19-Dec-2021 13:52:27.835 INFO [main] org.apache.catalina.core.ApplicationContext.log SessionListener: contextInitialized()
19-Dec-2021 13:52:27.838 INFO [main] org.apache.catalina.core.ApplicationContext.log ContextListener: attributeAdded('StockTicker', 'async.Stockticker@e260766')
19-Dec-2021 13:58:22.657 INFO [main] org.apache.catalina.core.ApplicationContext.log SessionListener: contextDestroyed()
19-Dec-2021 13:58:22.657 INFO [main] org.apache.catalina.core.ApplicationContext.log ContextListener: contextDestroyed()
19-Dec-2021 14:06:52.674 INFO [main] org.apache.catalina.core.ApplicationContext.log ContextListener: contextInitialized()
19-Dec-2021 14:06:52.675 INFO [main] org.apache.catalina.core.ApplicationContext.log SessionListener: contextInitialized()
19-Dec-2021 14:06:52.678 INFO [main] org.apache.catalina.core.ApplicationContext.log ContextListener: attributeAdded('StockTicker', 'async.Stockticker@1da4b6b3')
19-Dec-2021 14:17:46.095 INFO [main] org.apache.catalina.core.ApplicationContext.log ContextListener: contextInitialized()
19-Dec-2021 14:17:46.095 INFO [main] org.apache.catalina.core.ApplicationContext.log SessionListener: contextInitialized()
19-Dec-2021 14:17:46.100 INFO [main] org.apache.catalina.core.ApplicationContext.log ContextListener: attributeAdded('StockTicker', 'async.Stockticker@47404bea')
19-Dec-2021 14:23:26.117 INFO [main] org.apache.catalina.core.ApplicationContext.log ContextListener: contextInitialized()
19-Dec-2021 14:23:26.117 INFO [main] org.apache.catalina.core.ApplicationContext.log SessionListener: contextInitialized()
19-Dec-2021 14:23:26.120 INFO [main] org.apache.catalina.core.ApplicationContext.log ContextListener: attributeAdded('StockTicker', 'async.Stockticker@299270eb')
19-Dec-2021 14:23:59.210 INFO [main] org.apache.catalina.core.ApplicationContext.log ContextListener: contextInitialized()
19-Dec-2021 14:23:59.211 INFO [main] org.apache.catalina.core.ApplicationContext.log SessionListener: contextInitialized()
19-Dec-2021 14:23:59.215 INFO [main] org.apache.catalina.core.ApplicationContext.log ContextListener: attributeAdded('StockTicker', 'async.Stockticker@7dff6d05')
